0 info it worked if it ends with ok
1 verbose cli [ '/Users/yuezhang/.nvm/versions/node/v6.3.1/bin/node',
1 verbose cli   '/Users/yuezhang/.nvm/versions/node/v6.3.1/bin/npm',
1 verbose cli   'run',
1 verbose cli   'test' ]
2 info using npm@3.10.3
3 info using node@v6.3.1
4 verbose run-script [ 'pretest', 'test', 'posttest' ]
5 info lifecycle gulp-shopify-sass@0.3.1~pretest: gulp-shopify-sass@0.3.1
6 silly lifecycle gulp-shopify-sass@0.3.1~pretest: no script for pretest, continuing
7 info lifecycle gulp-shopify-sass@0.3.1~test: gulp-shopify-sass@0.3.1
8 verbose lifecycle gulp-shopify-sass@0.3.1~test: unsafe-perm in lifecycle true
9 verbose lifecycle gulp-shopify-sass@0.3.1~test: PATH: /Users/yuezhang/.nvm/versions/node/v6.3.1/lib/node_modules/npm/bin/node-gyp-bin:/Users/yuezhang/Workspace/javascript/gulp/gulp-shopify-sass/node_modules/.bin:/Users/yuezhang/.nvm/versions/node/v6.3.1/bin:/Users/yuezhang/.nvm/versions/node/v6.3.1/bin:/usr/local/heroku/bin:/usr/local/php5/bin:/opt/local/bin:/opt/local/sbin:/usr/local/sbin:/usr/local/bin:/usr/bin:/bin:/usr/sbin:/sbin:/opt/X11/bin:/Users/yuezhang/bin:/Users/yuezhang/scp:/Users/yuezhang/.linuxbrew/bin:/Applications/XAMPP/bin:/Applications/Postgres.app/Contents/Versions/9.4/bin
10 verbose lifecycle gulp-shopify-sass@0.3.1~test: CWD: /Users/yuezhang/Workspace/javascript/gulp/gulp-shopify-sass
11 silly lifecycle gulp-shopify-sass@0.3.1~test: Args: [ '-c', 'mocha' ]
12 silly lifecycle gulp-shopify-sass@0.3.1~test: Returned: code: 8  signal: null
13 info lifecycle gulp-shopify-sass@0.3.1~test: Failed to exec test script
14 verbose stack Error: gulp-shopify-sass@0.3.1 test: `mocha`
14 verbose stack Exit status 8
14 verbose stack     at EventEmitter.<anonymous> (/Users/yuezhang/.nvm/versions/node/v6.3.1/lib/node_modules/npm/lib/utils/lifecycle.js:242:16)
14 verbose stack     at emitTwo (events.js:106:13)
14 verbose stack     at EventEmitter.emit (events.js:191:7)
14 verbose stack     at ChildProcess.<anonymous> (/Users/yuezhang/.nvm/versions/node/v6.3.1/lib/node_modules/npm/lib/utils/spawn.js:40:14)
14 verbose stack     at emitTwo (events.js:106:13)
14 verbose stack     at ChildProcess.emit (events.js:191:7)
14 verbose stack     at maybeClose (internal/child_process.js:852:16)
14 verbose stack     at Process.ChildProcess._handle.onexit (internal/child_process.js:215:5)
15 verbose pkgid gulp-shopify-sass@0.3.1
16 verbose cwd /Users/yuezhang/Workspace/javascript/gulp/gulp-shopify-sass
17 error Darwin 15.6.0
18 error argv "/Users/yuezhang/.nvm/versions/node/v6.3.1/bin/node" "/Users/yuezhang/.nvm/versions/node/v6.3.1/bin/npm" "run" "test"
19 error node v6.3.1
20 error npm  v3.10.3
21 error code ELIFECYCLE
22 error gulp-shopify-sass@0.3.1 test: `mocha`
22 error Exit status 8
23 error Failed at the gulp-shopify-sass@0.3.1 test script 'mocha'.
23 error Make sure you have the latest version of node.js and npm installed.
23 error If you do, this is most likely a problem with the gulp-shopify-sass package,
23 error not with npm itself.
23 error Tell the author that this fails on your system:
23 error     mocha
23 error You can get information on how to open an issue for this project with:
23 error     npm bugs gulp-shopify-sass
23 error Or if that isn't available, you can get their info via:
23 error     npm owner ls gulp-shopify-sass
23 error There is likely additional logging output above.
24 verbose exit [ 1, true ]
